[00:29:07] [Server thread/INFO]: Starting minecraft server version 1.7.10
[00:29:31] [Server thread/INFO]: Loading properties
[00:29:31] [Server thread/INFO]: Default game type: SURVIVAL
[00:29:31] [Server thread/INFO]: Generating keypair
[00:29:31] [Server thread/INFO]: Starting Minecraft server on *:25565
[00:29:47] [Server thread/INFO]: Preparing level "world"
[00:29:50] [Server thread/INFO]: Preparing start region for level 0
[00:29:51] [Server thread/INFO]: Done (3,512s)! For help, type "help" or "?"
[00:29:55] [Server thread/INFO]: Unknown command. Try /help for a list of commands
[00:30:00] [User Authenticator #1/INFO]: UUID of player LodakXaly is bab69bfc-b2af-4936-b96f-99e58ccc8ff7
[00:30:01] [Server thread/INFO]: LodakXaly[/127.0.0.1:43194] logged in with entity id 43 at (573.5, 74.0, 1564.5)
[00:30:01] [Server thread/INFO]: LodakXaly joined the game
[00:30:01] [Server thread/WARN]: Wrong location! GCEntityPlayerMP['LodakXaly'/43, l='world', x=576,00, y=63,00, z=1557,00] (at 36, 97 instead of 35, 97)
[00:30:31] [Server thread/INFO]: LodakXaly lost connection: TranslatableComponent{key='disconnect.genericReason', args=[Internal Exception: java.io.IOException: Connexion ré-initialisée par le correspondant], siblings=[], style=Style{hasParent=false, color=null, bold=null, italic=null, underlined=null, obfuscated=null, clickEvent=null, hoverEvent=null}}
[00:30:31] [Server thread/INFO]: LodakXaly left the game
[00:30:43] [Server thread/INFO]: Stopping the server
[00:30:43] [Server thread/INFO]: Stopping server
[00:30:43] [Server thread/INFO]: Saving players
[00:30:43] [Server thread/INFO]: Saving worlds
[00:30:43] [Server thread/INFO]: Saving chunks for level 'world'/Overworld
[00:30:43] [Server thread/INFO]: Saving chunks for level 'world'/Nether
[00:30:43] [Server thread/INFO]: Saving chunks for level 'world'/The End
[00:30:43] [Server thread/INFO]: Saving chunks for level 'world'/Land of Darkness
[00:30:43] [Server thread/INFO]: Saving chunks for level 'world'/the Ancient Treasure Room
